#-----------------------------------------------------------
# Vivado v2018.2 (64-bit)
# SW Build 2258646 on Thu Jun 14 20:03:12 MDT 2018
# IP Build 2256618 on Thu Jun 14 22:10:49 MDT 2018
# Start of session at: Mon Apr  1 17:08:56 2024
# Process ID: 1952
# Current directory: C:/dachuang/CPU-ON-FPGA/8bitALU_orig01
# Command line: vivado.exe -gui_launcher_event rodinguilauncherevent15356 C:\dachuang\CPU-ON-FPGA\8bitALU_orig01\8bitALU_orig01.xpr
# Log file: C:/dachuang/CPU-ON-FPGA/8bitALU_orig01/vivado.log
# Journal file: C:/dachuang/CPU-ON-FPGA/8bitALU_orig01\vivado.jou
#-----------------------------------------------------------
start_gui
open_project C:/dachuang/CPU-ON-FPGA/8bitALU_orig01/8bitALU_orig01.xpr
CRITICAL WARNING: [Project 1-19] Could not find the file 'C:/dachuang/CPU-ON-FPGA/8bitALU_orig01/8bitALU_orig01.srcs/sources_1/new/Int_adder.v'.
Scanning sources...
Finished scanning sources
WARNING: [Project 1-509] GeneratedRun file for 'synth_2' not found
WARNING: [Project 1-509] GeneratedRun file for 'impl_2' not found
INFO: [IP_Flow 19-234] Refreshing IP repositories
INFO: [IP_Flow 19-1704] No user IP repositories specified
INFO: [IP_Flow 19-2313] Loaded Vivado IP repository 'C:/Xilinx/Vivado/2018.2/data/ip'.
update_compile_order -fileset sources_1
exit
INFO: [Common 17-206] Exiting Vivado at Mon Apr  1 17:10:28 2024...
