Copyright 1986-2018 Xilinx, Inc. All Rights Reserved.
-------------------------------------------------------------------------------------
| Tool Version : Vivado v.2018.2 (win64) Build 2258646 Thu Jun 14 20:03:12 MDT 2018
| Date         : Wed Mar 27 01:00:11 2024
| Host         : 091F running 64-bit major release  (build 9200)
| Command      : report_control_sets -verbose -file computer_control_sets_placed.rpt
| Design       : computer
| Device       : xc7a75t
-------------------------------------------------------------------------------------

Control Set Information

Table of Contents
-----------------
1. Summary
2. Histogram
3. Flip-Flop Distribution
4. Detailed Control Set Information

1. Summary
----------

+----------------------------------------------------------+-------+
|                          Status                          | Count |
+----------------------------------------------------------+-------+
| Number of unique control sets                            |     3 |
| Unused register locations in slices containing registers |    10 |
+----------------------------------------------------------+-------+


2. Histogram
------------

+--------+--------------+
| Fanout | Control Sets |
+--------+--------------+
|      4 |            2 |
|    16+ |            1 |
+--------+--------------+


3. Flip-Flop Distribution
-------------------------

+--------------+-----------------------+------------------------+-----------------+--------------+
| Clock Enable | Synchronous Set/Reset | Asynchronous Set/Reset | Total Registers | Total Slices |
+--------------+-----------------------+------------------------+-----------------+--------------+
| No           | No                    | No                     |               8 |            3 |
| No           | No                    | Yes                    |               0 |            0 |
| No           | Yes                   | No                     |              62 |            8 |
| Yes          | No                    | No                     |               0 |            0 |
| Yes          | No                    | Yes                    |               0 |            0 |
| Yes          | Yes                   | No                     |               0 |            0 |
+--------------+-----------------------+------------------------+-----------------+--------------+


4. Detailed Control Set Information
-----------------------------------

+--------------------------------+---------------+---------------------------------------+------------------+----------------+
|          Clock Signal          | Enable Signal |            Set/Reset Signal           | Slice Load Count | Bel Load Count |
+--------------------------------+---------------+---------------------------------------+------------------+----------------+
|  digitron_display/my_clock/CLK |               |                                       |                1 |              4 |
|  CLK100MHz_IBUF_BUFG           |               |                                       |                2 |              4 |
|  CLK100MHz_IBUF_BUFG           |               | digitron_display/my_clock/clk_div_reg |                8 |             62 |
+--------------------------------+---------------+---------------------------------------+------------------+----------------+


